Filename                                       Regions    Missed Regions     Cover   Functions  Missed Functions  Executed       Lines      Missed Lines     Cover    Branches   Missed Branches     Cover
----------------------------------------------------------------------------------------------------------------------------------------------------------------------------------------------------------------------------------------------------
fuzzers/alfha/harnesses/compress_harness.c         122               122     0.00%           1                 1     0.00%         124               124     0.00%          82                82     0.00%

Files which contain no functions:
target/zlib.h                                        0                 0         -           0                 0         -           0                 0         -           0                 0         -
----------------------------------------------------------------------------------------------------------------------------------------------------------------------------------------------------------------------------------------------------
TOTAL                                              122               122     0.00%           1                 1     0.00%         124               124     0.00%          82                82     0.00%
