Filename                                                      Regions    Missed Regions     Cover   Functions  Missed Functions  Executed       Lines      Missed Lines     Cover    Branches   Missed Branches     Cover
-------------------------------------------------------------------------------------------------------------------------------------------------------------------------------------------------------------------------------------------------------------------
fuzzers/baseline/harnesses/ossfuzz_zlib/compress_fuzzer.c          21                 2    90.48%           4                 0   100.00%          50                 2    96.00%          10                 3    70.00%
target/adler32.c                                                  139                74    46.76%           5                 3    40.00%          79                37    53.16%          34                17    50.00%
target/compress.c                                                  30                 7    76.67%           3                 1    66.67%          38                 3    92.11%          16                 8    50.00%
target/crc32.c                                                     77                77     0.00%          13                13     0.00%         287               287     0.00%          36                36     0.00%
target/deflate.c                                                 1565               948    39.42%          29                13    55.17%        1163               667    42.65%         830               589    29.04%
target/inffast.c                                                   86                35    59.30%           1                 0   100.00%         213                68    68.08%          70                34    51.43%
target/inflate.c                                                 1184               572    51.69%          22                12    45.45%         975               435    55.38%         632               344    45.57%
target/inftrees.c                                                 109                23    78.90%           1                 0   100.00%         162                26    83.95%          82                22    73.17%
target/trees.c                                                    599                92    84.64%          21                 2    90.48%         416                56    86.54%         224                39    82.59%
target/uncompr.c                                                   48                11    77.08%           2                 0   100.00%          49                 6    87.76%          28                10    64.29%
target/zutil.c                                                     35                31    11.43%           5                 3    40.00%          46                37    19.57%          36                36     0.00%

Files which contain no functions:
target/deflate.h                                                    0                 0         -           0                 0         -           0                 0         -           0                 0         -
target/inffixed.h                                                   0                 0         -           0                 0         -           0                 0         -           0                 0         -
target/inftrees.h                                                   0                 0         -           0                 0         -           0                 0         -           0                 0         -
target/zconf.h                                                      0                 0         -           0                 0         -           0                 0         -           0                 0         -
target/zlib.h                                                       0                 0         -           0                 0         -           0                 0         -           0                 0         -
target/zutil.h                                                      0                 0         -           0                 0         -           0                 0         -           0                 0         -
-------------------------------------------------------------------------------------------------------------------------------------------------------------------------------------------------------------------------------------------------------------------
TOTAL                                                            3893              1872    51.91%         106                47    55.66%        3478              1624    53.31%        1998              1138    43.04%
