Filename                                                      Regions    Missed Regions     Cover   Functions  Missed Functions  Executed       Lines      Missed Lines     Cover    Branches   Missed Branches     Cover
-------------------------------------------------------------------------------------------------------------------------------------------------------------------------------------------------------------------------------------------------------------------
fuzzers/baseline/harnesses/ossfuzz_zlib/compress_fuzzer.c          21                 2    90.48%           4                 0   100.00%          50                 2    96.00%          10                 3    70.00%
target/adler32.c                                                  139                74    46.76%           5                 3    40.00%          79                37    53.16%          34                17    50.00%
target/compress.c                                                  30                 7    76.67%           3                 1    66.67%          38                 3    92.11%          16                 8    50.00%
target/crc32.c                                                     77                77     0.00%          13                13     0.00%         287               287     0.00%          36                36     0.00%
target/deflate.c                                                 1565               948    39.42%          29                13    55.17%        1163               667    42.65%         830               589    29.04%
target/inffast.c                                                   86                39    54.65%           1                 0   100.00%         213                74    65.26%          70                37    47.14%
target/inflate.c                                                 1184               577    51.27%          22                12    45.45%         975               444    54.46%         632               349    44.78%
target/inftrees.c                                                 109                24    77.98%           1                 0   100.00%         162                26    83.95%          82                24    70.73%
target/trees.c                                                    599               104    82.64%          21                 2    90.48%         416                61    85.34%         224                47    79.02%
target/uncompr.c                                                   48                11    77.08%           2                 0   100.00%          49                 6    87.76%          28                10    64.29%
target/zutil.c                                                     35                31    11.43%           5                 3    40.00%          46                37    19.57%          36                36     0.00%

Files which contain no functions:
target/deflate.h                                                    0                 0         -           0                 0         -           0                 0         -           0                 0         -
target/inffixed.h                                                   0                 0         -           0                 0         -           0                 0         -           0                 0         -
target/inftrees.h                                                   0                 0         -           0                 0         -           0                 0         -           0                 0         -
target/zconf.h                                                      0                 0         -           0                 0         -           0                 0         -           0                 0         -
target/zlib.h                                                       0                 0         -           0                 0         -           0                 0         -           0                 0         -
target/zutil.h                                                      0                 0         -           0                 0         -           0                 0         -           0                 0         -
-------------------------------------------------------------------------------------------------------------------------------------------------------------------------------------------------------------------------------------------------------------------
TOTAL                                                            3893              1894    51.35%         106                47    55.66%        3478              1644    52.73%        1998              1156    42.14%
