Filename                                          Regions    Missed Regions     Cover   Functions  Missed Functions  Executed       Lines      Missed Lines     Cover    Branches   Missed Branches     Cover
-------------------------------------------------------------------------------------------------------------------------------------------------------------------------------------------------------------------------------------------------------
fuzzers/alfha/harnesses/inflateInit_harness.c         105               105     0.00%           1                 1     0.00%         123               123     0.00%          62                62     0.00%

Files which contain no functions:
target/zlib.h                                           0                 0         -           0                 0         -           0                 0         -           0                 0         -
-------------------------------------------------------------------------------------------------------------------------------------------------------------------------------------------------------------------------------------------------------
TOTAL                                                 105               105     0.00%           1                 1     0.00%         123               123     0.00%          62                62     0.00%
